<?xml version="1.0" encoding="UTF-8"?>
<!-- Generated by org.testng.reporters.JUnitReportReporter -->
<testsuite hostname="DESKTOP-5903S8A" failures="0" tests="1" name="Demo.ShopCart.RegistrationTest" time="81.569" errors="0" timestamp="2023-05-30T15:16:30 BDT" skipped="0">
  <testcase classname="Demo.ShopCart.RegistrationTest" name="reg" time="81.569"/>
  <system-out/>
</testsuite> <!-- Demo.ShopCart.RegistrationTest -->
