<?xml version="1.0" encoding="UTF-8"?>
<!-- Generated by org.testng.reporters.JUnitReportReporter -->
<testsuite hostname="DESKTOP-5903S8A" failures="0" tests="1" name="runner.Runner" time="16.141" errors="0" timestamp="2023-05-30T23:05:59 BDT" skipped="0">
  <testcase classname="runner.Runner" name="runScenario" time="16.141"/>
  <system-out/>
</testsuite> <!-- runner.Runner -->
