<?xml version="1.0" encoding="UTF-8"?>
<!-- Generated by org.testng.reporters.JUnitReportReporter -->
<testsuite hostname="DESKTOP-5903S8A" failures="0" tests="1" name="Demo.ShopCart.Registration" time="19.242" errors="0" timestamp="2023-05-30T11:16:04 BDT" skipped="0">
  <testcase classname="Demo.ShopCart.Registration" name="reg" time="19.242"/>
  <system-out/>
</testsuite> <!-- Demo.ShopCart.Registration -->
