<?xml version="1.0" encoding="UTF-8"?>
<!-- Generated by org.testng.reporters.JUnitReportReporter -->
<testsuite hostname="DESKTOP-5903S8A" failures="0" tests="1" name="Demo.ShopCart.PlaceOrderTest" time="64.013" errors="0" timestamp="2023-05-31T07:56:07 BDT" skipped="0">
  <testcase classname="Demo.ShopCart.PlaceOrderTest" name="placeOrder" time="64.013"/>
  <system-out/>
</testsuite> <!-- Demo.ShopCart.PlaceOrderTest -->
